<?xml version="1.0" encoding="UTF-8"?>
<!-- Generated by org.testng.reporters.JUnitReportReporter -->
<testsuite hostname="LAPTOP-55076DAR" failures="0" tests="4" name="APItest.usertest2" time="9.914" errors="0" timestamp="2024-04-03T11:04:00 IST" skipped="0">
  <testcase classname="APItest.usertest2" name="testPostUser" time="4.679"/>
  <system-out/>
  <testcase classname="APItest.usertest2" name="testGetUserByName" time="1.333"/>
  <system-out/>
  <testcase classname="APItest.usertest2" name="testUpdateUserByName" time="2.616"/>
  <system-out/>
  <testcase classname="APItest.usertest2" name="testDeleteUserByName" time="1.286"/>
  <system-out/>
</testsuite> <!-- APItest.usertest2 -->
