<?xml version="1.0" encoding="UTF-8"?>
<!-- Generated by org.testng.reporters.JUnitReportReporter -->
<testsuite hostname="LAPTOP-55076DAR" failures="0" tests="4" name="APItest.usertest" time="12.743" errors="0" timestamp="2024-03-30T16:51:06 IST" skipped="0">
  <testcase classname="APItest.usertest" name="testPostUser" time="5.632"/>
  <system-out/>
  <testcase classname="APItest.usertest" name="testGetUserByName" time="1.877"/>
  <system-out/>
  <testcase classname="APItest.usertest" name="testUpdateUserByName" time="3.519"/>
  <system-out/>
  <testcase classname="APItest.usertest" name="testDeleteUserByName" time="1.715"/>
  <system-out/>
</testsuite> <!-- APItest.usertest -->
