<?xml version="1.0" encoding="UTF-8"?>
<!-- Generated by org.testng.reporters.JUnitReportReporter -->
<testsuite hostname="LAPTOP-55076DAR" failures="0" tests="6" name="APIpayload.UserTests" time="14.352" errors="0" timestamp="2024-03-30T16:17:06 IST" skipped="0">
  <testcase classname="APIpayload.UserTests" name="testPostuser" time="1.665"/>
  <system-out/>
  <testcase classname="APIpayload.UserTests" name="testPostuser" time="6.869"/>
  <system-out/>
  <testcase classname="APIpayload.UserTests" name="testPostuser" time="1.464"/>
  <system-out/>
  <testcase classname="APIpayload.UserTests" name="testDeleteUserByName" time="1.434"/>
  <system-out/>
  <testcase classname="APIpayload.UserTests" name="testDeleteUserByName" time="1.436"/>
  <system-out/>
  <testcase classname="APIpayload.UserTests" name="testDeleteUserByName" time="1.484"/>
  <system-out/>
</testsuite> <!-- APIpayload.UserTests -->
