<?xml version="1.0" encoding="UTF-8"?>
<!-- Generated by org.testng.reporters.JUnitReportReporter -->
<testsuite hostname="LAPTOP-55076DAR" failures="0" tests="6" name="APIpayload.UserTests" time="11.658" errors="0" timestamp="2024-04-04T07:07:51 IST" skipped="0">
  <testcase classname="APIpayload.UserTests" name="testPostuser" time="4.159"/>
  <system-out/>
  <testcase classname="APIpayload.UserTests" name="testPostuser" time="1.488"/>
  <system-out/>
  <testcase classname="APIpayload.UserTests" name="testPostuser" time="1.434"/>
  <system-out/>
  <testcase classname="APIpayload.UserTests" name="testDeleteUserByName" time="1.467"/>
  <system-out/>
  <testcase classname="APIpayload.UserTests" name="testDeleteUserByName" time="1.481"/>
  <system-out/>
  <testcase classname="APIpayload.UserTests" name="testDeleteUserByName" time="1.629"/>
  <system-out/>
</testsuite> <!-- APIpayload.UserTests -->
